[debug] [2023-11-17T13:43:47.356Z] ----------------------------------------------------------------------
[debug] [2023-11-17T13:43:47.363Z] Command:       C:\Program Files\nodejs\node.exe C:\Users\shankssc\AppData\Roaming\npm\node_modules\firebase-tools\lib\bin\firebase.js init hosting
[debug] [2023-11-17T13:43:47.364Z] CLI Version:   12.8.1
[debug] [2023-11-17T13:43:47.364Z] Platform:      win32
[debug] [2023-11-17T13:43:47.365Z] Node Version:  v18.17.0
[debug] [2023-11-17T13:43:47.368Z] Time:          Fri Nov 17 2023 08:43:47 GMT-0500 (Eastern Standard Time)
[debug] [2023-11-17T13:43:47.369Z] ----------------------------------------------------------------------
[debug] 
[debug] [2023-11-17T13:43:47.376Z] >>> [apiv2][query] GET https://firebase-public.firebaseio.com/cli.json [none]
[debug] [2023-11-17T13:43:47.451Z] > command requires scopes: ["email","openid","https://www.googleapis.com/auth/cloudplatformprojects.readonly","https://www.googleapis.com/auth/firebase","https://www.googleapis.com/auth/cloud-platform"]
[debug] [2023-11-17T13:43:47.452Z] > authorizing via signed-in user (suyash15122@gmail.com)
[info] 
     ######## #### ########  ######## ########     ###     ######  ########
     ##        ##  ##     ## ##       ##     ##  ##   ##  ##       ##
     ######    ##  ########  ######   ########  #########  ######  ######
     ##        ##  ##    ##  ##       ##     ## ##     ##       ## ##
     ##       #### ##     ## ######## ########  ##     ##  ######  ########

You're about to initialize a Firebase project in this directory:

  C:\IP\J1\client

Before we get started, keep in mind:

  * You are currently outside your home directory

[debug] [2023-11-17T13:43:52.018Z] <<< [apiv2][status] GET https://firebase-public.firebaseio.com/cli.json 200
[debug] [2023-11-17T13:43:52.020Z] <<< [apiv2][body] GET https://firebase-public.firebaseio.com/cli.json {"cloudBuildErrorAfter":1594252800000,"cloudBuildWarnAfter":1590019200000,"defaultNode10After":1594252800000,"minVersion":"3.0.5","node8DeploysDisabledAfter":1613390400000,"node8RuntimeDisabledAfter":1615809600000,"node8WarnAfter":1600128000000}
